# JRE version: OpenJDK Runtime Environment Temurin-17.0.11+9 (17.0.11+9) (build 17.0.11+9)
# Java VM: OpenJDK 64-Bit Server VM Temurin-17.0.11+9 (17.0.11+9, mixed mode, tiered, compressed oops, compressed class ptrs, parallel gc, windows-amd64)
GC Precious Log:
 CPUs: 12 total, 12 available
 Memory: 3767M
 Large Page Support: Disabled
 NUMA Support: Disabled
 Compressed Oops: Enabled (32-bit)
 Alignments: Space 512K, Generation 512K, Heap 2M
 Heap Min Capacity: 100M
 Heap Initial Capacity: 100M
 Heap Max Capacity: 1G
 Pre-touch: Disabled
 Parallel Workers: 10
Heap:
 PSYoungGen      total 2560K, used 415K [0x00000000eab00000, 0x00000000eaf80000, 0x0000000100000000)
  eden space 2048K, 4% used [0x00000000eab00000,0x00000000eab17ed8,0x00000000ead00000)
  from space 512K, 62% used [0x00000000eaf00000,0x00000000eaf50000,0x00000000eaf80000)
  to   space 512K, 0% used [0x00000000eae80000,0x00000000eae80000,0x00000000eaf00000)
 ParOldGen       total 108544K, used 106295K [0x00000000c0000000, 0x00000000c6a00000, 0x00000000eab00000)
  object space 108544K, 97% used [0x00000000c0000000,0x00000000c67cdfc0,0x00000000c6a00000)
 Metaspace       used 69875K, committed 70976K, reserved 1114112K
  class space    used 7275K, committed 7808K, reserved 1048576K
GC Heap History (20 events):
Event: 345.386 GC heap before
{Heap before GC invocations=117 (full 7):
 PSYoungGen      total 4096K, used 3830K [0x00000000eab00000, 0x00000000eb200000, 0x0000000100000000)
  eden space 2048K, 100% used [0x00000000eab00000,0x00000000ead00000,0x00000000ead00000)
  from space 2048K, 87% used [0x00000000ead00000,0x00000000eaebd800,0x00000000eaf00000)
  to   space 2560K, 0% used [0x00000000eaf80000,0x00000000eaf80000,0x00000000eb200000)
 ParOldGen       total 108544K, used 98534K [0x00000000c0000000, 0x00000000c6a00000, 0x00000000eab00000)
  object space 108544K, 90% used [0x00000000c0000000,0x00000000c6039ad0,0x00000000c6a00000)
 Metaspace       used 68668K, committed 69824K, reserved 1114112K
  class space    used 7158K, committed 7680K, reserved 1048576K
}
Event: 345.426 GC heap after
{Heap after GC invocations=117 (full 7):
 PSYoungGen      total 4608K, used 2034K [0x00000000eab00000, 0x00000000eb200000, 0x0000000100000000)
  eden space 2048K, 0% used [0x00000000eab00000,0x00000000eab00000,0x00000000ead00000)
  from space 2560K, 79% used [0x00000000eaf80000,0x00000000eb17cae0,0x00000000eb200000)
  to   space 2560K, 0% used [0x00000000ead00000,0x00000000ead00000,0x00000000eaf80000)
 ParOldGen       total 108544K, used 99790K [0x00000000c0000000, 0x00000000c6a00000, 0x00000000eab00000)
  object space 108544K, 91% used [0x00000000c0000000,0x00000000c6173ad0,0x00000000c6a00000)
 Metaspace       used 68668K, committed 69824K, reserved 1114112K
  class space    used 7158K, committed 7680K, reserved 1048576K
}
Event: 345.510 GC heap before
{Heap before GC invocations=118 (full 7):
 PSYoungGen      total 4608K, used 4082K [0x00000000eab00000, 0x00000000eb200000, 0x0000000100000000)
  eden space 2048K, 100% used [0x00000000eab00000,0x00000000ead00000,0x00000000ead00000)
  from space 2560K, 79% used [0x00000000eaf80000,0x00000000eb17cae0,0x00000000eb200000)
  to   space 2560K, 0% used [0x00000000ead00000,0x00000000ead00000,0x00000000eaf80000)
 ParOldGen       total 108544K, used 99790K [0x00000000c0000000, 0x00000000c6a00000, 0x00000000eab00000)
  object space 108544K, 91% used [0x00000000c0000000,0x00000000c6173ad0,0x00000000c6a00000)
 Metaspace       used 68668K, committed 69824K, reserved 1114112K
  class space    used 7158K, committed 7680K, reserved 1048576K
}
Event: 345.537 GC heap after
{Heap after GC invocations=118 (full 7):
 PSYoungGen      total 4608K, used 2240K [0x00000000eab00000, 0x00000000eb200000, 0x0000000100000000)
  eden space 2048K, 0% used [0x00000000eab00000,0x00000000eab00000,0x00000000ead00000)
  from space 2560K, 87% used [0x00000000ead00000,0x00000000eaf30000,0x00000000eaf80000)
  to   space 2560K, 0% used [0x00000000eaf80000,0x00000000eaf80000,0x00000000eb200000)
 ParOldGen       total 108544K, used 101721K [0x00000000c0000000, 0x00000000c6a00000, 0x00000000eab00000)
  object space 108544K, 93% used [0x00000000c0000000,0x00000000c63565b0,0x00000000c6a00000)
 Metaspace       used 68668K, committed 69824K, reserved 1114112K
  class space    used 7158K, committed 7680K, reserved 1048576K
}
Event: 351.077 GC heap before
{Heap before GC invocations=119 (full 7):
 PSYoungGen      total 4608K, used 4287K [0x00000000eab00000, 0x00000000eb200000, 0x0000000100000000)
  eden space 2048K, 99% used [0x00000000eab00000,0x00000000eacfffe8,0x00000000ead00000)
  from space 2560K, 87% used [0x00000000ead00000,0x00000000eaf30000,0x00000000eaf80000)
  to   space 2560K, 0% used [0x00000000eaf80000,0x00000000eaf80000,0x00000000eb200000)
 ParOldGen       total 108544K, used 101721K [0x00000000c0000000, 0x00000000c6a00000, 0x00000000eab00000)
  object space 108544K, 93% used [0x00000000c0000000,0x00000000c63565b0,0x00000000c6a00000)
 Metaspace       used 68677K, committed 69824K, reserved 1114112K
  class space    used 7160K, committed 7680K, reserved 1048576K
}
Event: 351.108 GC heap after
{Heap after GC invocations=119 (full 7):
 PSYoungGen      total 3584K, used 1360K [0x00000000eab00000, 0x00000000eb100000, 0x0000000100000000)
  eden space 2048K, 0% used [0x00000000eab00000,0x00000000eab00000,0x00000000ead00000)
  from space 1536K, 88% used [0x00000000eaf80000,0x00000000eb0d4000,0x00000000eb100000)
  to   space 2048K, 0% used [0x00000000ead00000,0x00000000ead00000,0x00000000eaf00000)
 ParOldGen       total 108544K, used 103817K [0x00000000c0000000, 0x00000000c6a00000, 0x00000000eab00000)
  object space 108544K, 95% used [0x00000000c0000000,0x00000000c65625b0,0x00000000c6a00000)
 Metaspace       used 68677K, committed 69824K, reserved 1114112K
  class space    used 7160K, committed 7680K, reserved 1048576K
}
Event: 451.899 GC heap before
{Heap before GC invocations=120 (full 7):
 PSYoungGen      total 3584K, used 3407K [0x00000000eab00000, 0x00000000eb100000, 0x0000000100000000)
  eden space 2048K, 99% used [0x00000000eab00000,0x00000000eacffe70,0x00000000ead00000)
  from space 1536K, 88% used [0x00000000eaf80000,0x00000000eb0d4000,0x00000000eb100000)
  to   space 2048K, 0% used [0x00000000ead00000,0x00000000ead00000,0x00000000eaf00000)
 ParOldGen       total 108544K, used 103817K [0x00000000c0000000, 0x00000000c6a00000, 0x00000000eab00000)
  object space 108544K, 95% used [0x00000000c0000000,0x00000000c65625b0,0x00000000c6a00000)
 Metaspace       used 68822K, committed 69952K, reserved 1114112K
  class space    used 7178K, committed 7680K, reserved 1048576K
}
Event: 451.944 GC heap after
{Heap after GC invocations=120 (full 7):
 PSYoungGen      total 4096K, used 288K [0x00000000eab00000, 0x00000000eb000000, 0x0000000100000000)
  eden space 2048K, 0% used [0x00000000eab00000,0x00000000eab00000,0x00000000ead00000)
  from space 2048K, 14% used [0x00000000ead00000,0x00000000ead48000,0x00000000eaf00000)
  to   space 1024K, 0% used [0x00000000eaf00000,0x00000000eaf00000,0x00000000eb000000)
 ParOldGen       total 108544K, used 105036K [0x00000000c0000000, 0x00000000c6a00000, 0x00000000eab00000)
  object space 108544K, 96% used [0x00000000c0000000,0x00000000c66932c0,0x00000000c6a00000)
 Metaspace       used 68822K, committed 69952K, reserved 1114112K
  class space    used 7178K, committed 7680K, reserved 1048576K
}
Event: 452.504 GC heap before
{Heap before GC invocations=121 (full 7):
 PSYoungGen      total 4096K, used 2336K [0x00000000eab00000, 0x00000000eb000000, 0x0000000100000000)
  eden space 2048K, 100% used [0x00000000eab00000,0x00000000ead00000,0x00000000ead00000)
  from space 2048K, 14% used [0x00000000ead00000,0x00000000ead48000,0x00000000eaf00000)
  to   space 1024K, 0% used [0x00000000eaf00000,0x00000000eaf00000,0x00000000eb000000)
 ParOldGen       total 108544K, used 105036K [0x00000000c0000000, 0x00000000c6a00000, 0x00000000eab00000)
  object space 108544K, 96% used [0x00000000c0000000,0x00000000c66932c0,0x00000000c6a00000)
 Metaspace       used 68911K, committed 70016K, reserved 1114112K
  class space    used 7188K, committed 7680K, reserved 1048576K
}
Event: 452.509 GC heap after
{Heap after GC invocations=121 (full 7):
 PSYoungGen      total 3072K, used 527K [0x00000000eab00000, 0x00000000eb000000, 0x0000000100000000)
  eden space 2048K, 0% used [0x00000000eab00000,0x00000000eab00000,0x00000000ead00000)
  from space 1024K, 51% used [0x00000000eaf00000,0x00000000eaf83f28,0x00000000eb000000)
  to   space 1024K, 0% used [0x00000000eae00000,0x00000000eae00000,0x00000000eaf00000)
 ParOldGen       total 108544K, used 105092K [0x00000000c0000000, 0x00000000c6a00000, 0x00000000eab00000)
  object space 108544K, 96% used [0x00000000c0000000,0x00000000c66a12c0,0x00000000c6a00000)
 Metaspace       used 68911K, committed 70016K, reserved 1114112K
  class space    used 7188K, committed 7680K, reserved 1048576K
}
Event: 452.626 GC heap before
{Heap before GC invocations=122 (full 7):
 PSYoungGen      total 3072K, used 2575K [0x00000000eab00000, 0x00000000eb000000, 0x0000000100000000)
  eden space 2048K, 99% used [0x00000000eab00000,0x00000000eacfffe8,0x00000000ead00000)
  from space 1024K, 51% used [0x00000000eaf00000,0x00000000eaf83f28,0x00000000eb000000)
  to   space 1024K, 0% used [0x00000000eae00000,0x00000000eae00000,0x00000000eaf00000)
 ParOldGen       total 108544K, used 105092K [0x00000000c0000000, 0x00000000c6a00000, 0x00000000eab00000)
  object space 108544K, 96% used [0x00000000c0000000,0x00000000c66a12e8,0x00000000c6a00000)
 Metaspace       used 69122K, committed 70208K, reserved 1114112K
  class space    used 7199K, committed 7680K, reserved 1048576K
}
Event: 452.630 GC heap after
{Heap after GC invocations=122 (full 7):
 PSYoungGen      total 3072K, used 544K [0x00000000eab00000, 0x00000000eaf80000, 0x0000000100000000)
  eden space 2048K, 0% used [0x00000000eab00000,0x00000000eab00000,0x00000000ead00000)
  from space 1024K, 53% used [0x00000000eae00000,0x00000000eae88010,0x00000000eaf00000)
  to   space 512K, 0% used [0x00000000eaf00000,0x00000000eaf00000,0x00000000eaf80000)
 ParOldGen       total 108544K, used 105337K [0x00000000c0000000, 0x00000000c6a00000, 0x00000000eab00000)
  object space 108544K, 97% used [0x00000000c0000000,0x00000000c66de7a8,0x00000000c6a00000)
 Metaspace       used 69122K, committed 70208K, reserved 1114112K
  class space    used 7199K, committed 7680K, reserved 1048576K
}
Event: 452.724 GC heap before
{Heap before GC invocations=123 (full 7):
 PSYoungGen      total 3072K, used 2592K [0x00000000eab00000, 0x00000000eaf80000, 0x0000000100000000)
  eden space 2048K, 100% used [0x00000000eab00000,0x00000000ead00000,0x00000000ead00000)
  from space 1024K, 53% used [0x00000000eae00000,0x00000000eae88010,0x00000000eaf00000)
  to   space 512K, 0% used [0x00000000eaf00000,0x00000000eaf00000,0x00000000eaf80000)
 ParOldGen       total 108544K, used 105340K [0x00000000c0000000, 0x00000000c6a00000, 0x00000000eab00000)
  object space 108544K, 97% used [0x00000000c0000000,0x00000000c66df1c8,0x00000000c6a00000)
 Metaspace       used 69274K, committed 70400K, reserved 1114112K
  class space    used 7216K, committed 7744K, reserved 1048576K
}
Event: 452.728 GC heap after
{Heap after GC invocations=123 (full 7):
 PSYoungGen      total 2560K, used 512K [0x00000000eab00000, 0x00000000eaf80000, 0x0000000100000000)
  eden space 2048K, 0% used [0x00000000eab00000,0x00000000eab00000,0x00000000ead00000)
  from space 512K, 100% used [0x00000000eaf00000,0x00000000eaf80000,0x00000000eaf80000)
  to   space 1024K, 0% used [0x00000000ead80000,0x00000000ead80000,0x00000000eae80000)
 ParOldGen       total 108544K, used 105636K [0x00000000c0000000, 0x00000000c6a00000, 0x00000000eab00000)
  object space 108544K, 97% used [0x00000000c0000000,0x00000000c67291c8,0x00000000c6a00000)
 Metaspace       used 69274K, committed 70400K, reserved 1114112K
  class space    used 7216K, committed 7744K, reserved 1048576K
}
Event: 452.835 GC heap before
{Heap before GC invocations=124 (full 7):
 PSYoungGen      total 2560K, used 2519K [0x00000000eab00000, 0x00000000eaf80000, 0x0000000100000000)
  eden space 2048K, 98% used [0x00000000eab00000,0x00000000eacf5ff8,0x00000000ead00000)
  from space 512K, 100% used [0x00000000eaf00000,0x00000000eaf80000,0x00000000eaf80000)
  to   space 1024K, 0% used [0x00000000ead80000,0x00000000ead80000,0x00000000eae80000)
 ParOldGen       total 108544K, used 105636K [0x00000000c0000000, 0x00000000c6a00000, 0x00000000eab00000)
  object space 108544K, 97% used [0x00000000c0000000,0x00000000c67291c8,0x00000000c6a00000)
 Metaspace       used 69565K, committed 70656K, reserved 1114112K
  class space    used 7241K, committed 7744K, reserved 1048576K
}
Event: 452.838 GC heap after
{Heap after GC invocations=124 (full 7):
 PSYoungGen      total 3072K, used 290K [0x00000000eab00000, 0x00000000eaf80000, 0x0000000100000000)
  eden space 2048K, 0% used [0x00000000eab00000,0x00000000eab00000,0x00000000ead00000)
  from space 1024K, 28% used [0x00000000ead80000,0x00000000eadc89f0,0x00000000eae80000)
  to   space 512K, 0% used [0x00000000eaf00000,0x00000000eaf00000,0x00000000eaf80000)
 ParOldGen       total 108544K, used 105945K [0x00000000c0000000, 0x00000000c6a00000, 0x00000000eab00000)
  object space 108544K, 97% used [0x00000000c0000000,0x00000000c6776668,0x00000000c6a00000)
 Metaspace       used 69565K, committed 70656K, reserved 1114112K
  class space    used 7241K, committed 7744K, reserved 1048576K
}
Event: 452.918 GC heap before
{Heap before GC invocations=125 (full 7):
 PSYoungGen      total 3072K, used 2338K [0x00000000eab00000, 0x00000000eaf80000, 0x0000000100000000)
  eden space 2048K, 100% used [0x00000000eab00000,0x00000000ead00000,0x00000000ead00000)
  from space 1024K, 28% used [0x00000000ead80000,0x00000000eadc89f0,0x00000000eae80000)
  to   space 512K, 0% used [0x00000000eaf00000,0x00000000eaf00000,0x00000000eaf80000)
 ParOldGen       total 108544K, used 105945K [0x00000000c0000000, 0x00000000c6a00000, 0x00000000eab00000)
  object space 108544K, 97% used [0x00000000c0000000,0x00000000c6776668,0x00000000c6a00000)
 Metaspace       used 69629K, committed 70720K, reserved 1114112K
  class space    used 7248K, committed 7744K, reserved 1048576K
}
Event: 452.919 GC heap after
{Heap after GC invocations=125 (full 7):
 PSYoungGen      total 2560K, used 352K [0x00000000eab00000, 0x00000000eaf80000, 0x0000000100000000)
  eden space 2048K, 0% used [0x00000000eab00000,0x00000000eab00000,0x00000000ead00000)
  from space 512K, 68% used [0x00000000eaf00000,0x00000000eaf58000,0x00000000eaf80000)
  to   space 512K, 0% used [0x00000000eae80000,0x00000000eae80000,0x00000000eaf00000)
 ParOldGen       total 108544K, used 105991K [0x00000000c0000000, 0x00000000c6a00000, 0x00000000eab00000)
  object space 108544K, 97% used [0x00000000c0000000,0x00000000c6781df0,0x00000000c6a00000)
 Metaspace       used 69629K, committed 70720K, reserved 1114112K
  class space    used 7248K, committed 7744K, reserved 1048576K
}
Event: 453.034 GC heap before
{Heap before GC invocations=126 (full 7):
 PSYoungGen      total 2560K, used 2400K [0x00000000eab00000, 0x00000000eaf80000, 0x0000000100000000)
  eden space 2048K, 100% used [0x00000000eab00000,0x00000000ead00000,0x00000000ead00000)
  from space 512K, 68% used [0x00000000eaf00000,0x00000000eaf58000,0x00000000eaf80000)
  to   space 512K, 0% used [0x00000000eae80000,0x00000000eae80000,0x00000000eaf00000)
 ParOldGen       total 108544K, used 105991K [0x00000000c0000000, 0x00000000c6a00000, 0x00000000eab00000)
  object space 108544K, 97% used [0x00000000c0000000,0x00000000c6781df0,0x00000000c6a00000)
 Metaspace       used 69719K, committed 70784K, reserved 1114112K
  class space    used 7256K, committed 7744K, reserved 1048576K
}
Event: 453.037 GC heap after
{Heap after GC invocations=126 (full 7):
 PSYoungGen      total 2560K, used 448K [0x00000000eab00000, 0x00000000eaf80000, 0x0000000100000000)
  eden space 2048K, 0% used [0x00000000eab00000,0x00000000eab00000,0x00000000ead00000)
  from space 512K, 87% used [0x00000000eae80000,0x00000000eaef01d0,0x00000000eaf00000)
  to   space 512K, 0% used [0x00000000eaf00000,0x00000000eaf00000,0x00000000eaf80000)
 ParOldGen       total 108544K, used 106095K [0x00000000c0000000, 0x00000000c6a00000, 0x00000000eab00000)
  object space 108544K, 97% used [0x00000000c0000000,0x00000000c679bdf0,0x00000000c6a00000)
 Metaspace       used 69719K, committed 70784K, reserved 1114112K
  class space    used 7256K, committed 7744K, reserved 1048576K
}

