# JRE version: OpenJDK Runtime Environment Temurin-17.0.11+9 (17.0.11+9) (build 17.0.11+9)
# Java VM: OpenJDK 64-Bit Server VM Temurin-17.0.11+9 (17.0.11+9, mixed mode, tiered, compressed oops, compressed class ptrs, parallel gc, windows-amd64)
GC Precious Log:
 CPUs: 12 total, 12 available
 Memory: 3767M
 Large Page Support: Disabled
 NUMA Support: Disabled
 Compressed Oops: Enabled (32-bit)
 Alignments: Space 512K, Generation 512K, Heap 2M
 Heap Min Capacity: 100M
 Heap Initial Capacity: 100M
 Heap Max Capacity: 1G
 Pre-touch: Disabled
 Parallel Workers: 10
Heap:
 PSYoungGen      total 20480K, used 15842K [0x00000000eab00000, 0x00000000ec200000, 0x0000000100000000)
  eden space 19456K, 77% used [0x00000000eab00000,0x00000000eb9a89c0,0x00000000ebe00000)
  from space 1024K, 81% used [0x00000000ec100000,0x00000000ec1d0000,0x00000000ec200000)
  to   space 1536K, 0% used [0x00000000ebf00000,0x00000000ebf00000,0x00000000ec080000)
 ParOldGen       total 68608K, used 40267K [0x00000000c0000000, 0x00000000c4300000, 0x00000000eab00000)
  object space 68608K, 58% used [0x00000000c0000000,0x00000000c2752dc8,0x00000000c4300000)
 Metaspace       used 62457K, committed 63488K, reserved 1114112K
  class space    used 6568K, committed 7040K, reserved 1048576K
GC Heap History (20 events):
Event: 7.083 GC heap before
{Heap before GC invocations=28 (full 2):
 PSYoungGen      total 22016K, used 21856K [0x00000000eab00000, 0x00000000ec200000, 0x0000000100000000)
  eden space 20480K, 100% used [0x00000000eab00000,0x00000000ebf00000,0x00000000ebf00000)
  from space 1536K, 89% used [0x00000000ebf80000,0x00000000ec0d8010,0x00000000ec100000)
  to   space 1024K, 0% used [0x00000000ec100000,0x00000000ec100000,0x00000000ec200000)
 ParOldGen       total 68608K, used 33571K [0x00000000c0000000, 0x00000000c4300000, 0x00000000eab00000)
  object space 68608K, 48% used [0x00000000c0000000,0x00000000c20c8ec0,0x00000000c4300000)
 Metaspace       used 55208K, committed 56256K, reserved 1114112K
  class space    used 5913K, committed 6336K, reserved 1048576K
}
Event: 7.085 GC heap after
{Heap after GC invocations=28 (full 2):
 PSYoungGen      total 21504K, used 729K [0x00000000eab00000, 0x00000000ec200000, 0x0000000100000000)
  eden space 20480K, 0% used [0x00000000eab00000,0x00000000eab00000,0x00000000ebf00000)
  from space 1024K, 71% used [0x00000000ec100000,0x00000000ec1b6580,0x00000000ec200000)
  to   space 1024K, 0% used [0x00000000ec000000,0x00000000ec000000,0x00000000ec100000)
 ParOldGen       total 68608K, used 34734K [0x00000000c0000000, 0x00000000c4300000, 0x00000000eab00000)
  object space 68608K, 50% used [0x00000000c0000000,0x00000000c21eb860,0x00000000c4300000)
 Metaspace       used 55208K, committed 56256K, reserved 1114112K
  class space    used 5913K, committed 6336K, reserved 1048576K
}
Event: 7.592 GC heap before
{Heap before GC invocations=29 (full 2):
 PSYoungGen      total 21504K, used 21209K [0x00000000eab00000, 0x00000000ec200000, 0x0000000100000000)
  eden space 20480K, 100% used [0x00000000eab00000,0x00000000ebf00000,0x00000000ebf00000)
  from space 1024K, 71% used [0x00000000ec100000,0x00000000ec1b6580,0x00000000ec200000)
  to   space 1024K, 0% used [0x00000000ec000000,0x00000000ec000000,0x00000000ec100000)
 ParOldGen       total 68608K, used 34734K [0x00000000c0000000, 0x00000000c4300000, 0x00000000eab00000)
  object space 68608K, 50% used [0x00000000c0000000,0x00000000c21eb860,0x00000000c4300000)
 Metaspace       used 57030K, committed 58176K, reserved 1114112K
  class space    used 6047K, committed 6528K, reserved 1048576K
}
Event: 7.594 GC heap after
{Heap after GC invocations=29 (full 2):
 PSYoungGen      total 21504K, used 736K [0x00000000eab00000, 0x00000000ec180000, 0x0000000100000000)
  eden space 20480K, 0% used [0x00000000eab00000,0x00000000eab00000,0x00000000ebf00000)
  from space 1024K, 71% used [0x00000000ec000000,0x00000000ec0b8000,0x00000000ec100000)
  to   space 512K, 0% used [0x00000000ec100000,0x00000000ec100000,0x00000000ec180000)
 ParOldGen       total 68608K, used 35314K [0x00000000c0000000, 0x00000000c4300000, 0x00000000eab00000)
  object space 68608K, 51% used [0x00000000c0000000,0x00000000c227c960,0x00000000c4300000)
 Metaspace       used 57030K, committed 58176K, reserved 1114112K
  class space    used 6047K, committed 6528K, reserved 1048576K
}
Event: 7.762 GC heap before
{Heap before GC invocations=30 (full 2):
 PSYoungGen      total 21504K, used 21216K [0x00000000eab00000, 0x00000000ec180000, 0x0000000100000000)
  eden space 20480K, 100% used [0x00000000eab00000,0x00000000ebf00000,0x00000000ebf00000)
  from space 1024K, 71% used [0x00000000ec000000,0x00000000ec0b8000,0x00000000ec100000)
  to   space 512K, 0% used [0x00000000ec100000,0x00000000ec100000,0x00000000ec180000)
 ParOldGen       total 68608K, used 35314K [0x00000000c0000000, 0x00000000c4300000, 0x00000000eab00000)
  object space 68608K, 51% used [0x00000000c0000000,0x00000000c227c960,0x00000000c4300000)
 Metaspace       used 57522K, committed 58688K, reserved 1114112K
  class space    used 6083K, committed 6592K, reserved 1048576K
}
Event: 7.764 GC heap after
{Heap after GC invocations=30 (full 2):
 PSYoungGen      total 19968K, used 512K [0x00000000eab00000, 0x00000000ec500000, 0x0000000100000000)
  eden space 19456K, 0% used [0x00000000eab00000,0x00000000eab00000,0x00000000ebe00000)
  from space 512K, 100% used [0x00000000ec100000,0x00000000ec180000,0x00000000ec180000)
  to   space 3072K, 0% used [0x00000000ebe00000,0x00000000ebe00000,0x00000000ec100000)
 ParOldGen       total 68608K, used 37398K [0x00000000c0000000, 0x00000000c4300000, 0x00000000eab00000)
  object space 68608K, 54% used [0x00000000c0000000,0x00000000c2485980,0x00000000c4300000)
 Metaspace       used 57522K, committed 58688K, reserved 1114112K
  class space    used 6083K, committed 6592K, reserved 1048576K
}
Event: 7.819 GC heap before
{Heap before GC invocations=31 (full 2):
 PSYoungGen      total 19968K, used 19968K [0x00000000eab00000, 0x00000000ec500000, 0x0000000100000000)
  eden space 19456K, 100% used [0x00000000eab00000,0x00000000ebe00000,0x00000000ebe00000)
  from space 512K, 100% used [0x00000000ec100000,0x00000000ec180000,0x00000000ec180000)
  to   space 3072K, 0% used [0x00000000ebe00000,0x00000000ebe00000,0x00000000ec100000)
 ParOldGen       total 68608K, used 37398K [0x00000000c0000000, 0x00000000c4300000, 0x00000000eab00000)
  object space 68608K, 54% used [0x00000000c0000000,0x00000000c2485980,0x00000000c4300000)
 Metaspace       used 57699K, committed 58816K, reserved 1114112K
  class space    used 6105K, committed 6592K, reserved 1048576K
}
Event: 7.820 GC heap after
{Heap after GC invocations=31 (full 2):
 PSYoungGen      total 20992K, used 1275K [0x00000000eab00000, 0x00000000ec200000, 0x0000000100000000)
  eden space 19456K, 0% used [0x00000000eab00000,0x00000000eab00000,0x00000000ebe00000)
  from space 1536K, 83% used [0x00000000ebe00000,0x00000000ebf3eee0,0x00000000ebf80000)
  to   space 2048K, 0% used [0x00000000ec000000,0x00000000ec000000,0x00000000ec200000)
 ParOldGen       total 68608K, used 37883K [0x00000000c0000000, 0x00000000c4300000, 0x00000000eab00000)
  object space 68608K, 55% used [0x00000000c0000000,0x00000000c24fef78,0x00000000c4300000)
 Metaspace       used 57699K, committed 58816K, reserved 1114112K
  class space    used 6105K, committed 6592K, reserved 1048576K
}
Event: 7.893 GC heap before
{Heap before GC invocations=32 (full 2):
 PSYoungGen      total 20992K, used 8656K [0x00000000eab00000, 0x00000000ec200000, 0x0000000100000000)
  eden space 19456K, 37% used [0x00000000eab00000,0x00000000eb235158,0x00000000ebe00000)
  from space 1536K, 83% used [0x00000000ebe00000,0x00000000ebf3eee0,0x00000000ebf80000)
  to   space 2048K, 0% used [0x00000000ec000000,0x00000000ec000000,0x00000000ec200000)
 ParOldGen       total 68608K, used 37883K [0x00000000c0000000, 0x00000000c4300000, 0x00000000eab00000)
  object space 68608K, 55% used [0x00000000c0000000,0x00000000c24fef78,0x00000000c4300000)
 Metaspace       used 58717K, committed 59776K, reserved 1114112K
  class space    used 6194K, committed 6656K, reserved 1048576K
}
Event: 7.894 GC heap after
{Heap after GC invocations=32 (full 2):
 PSYoungGen      total 19968K, used 288K [0x00000000eab00000, 0x00000000ec080000, 0x0000000100000000)
  eden space 19456K, 0% used [0x00000000eab00000,0x00000000eab00000,0x00000000ebe00000)
  from space 512K, 56% used [0x00000000ec000000,0x00000000ec048000,0x00000000ec080000)
  to   space 1024K, 0% used [0x00000000ebe80000,0x00000000ebe80000,0x00000000ebf80000)
 ParOldGen       total 68608K, used 38195K [0x00000000c0000000, 0x00000000c4300000, 0x00000000eab00000)
  object space 68608K, 55% used [0x00000000c0000000,0x00000000c254cf98,0x00000000c4300000)
 Metaspace       used 58717K, committed 59776K, reserved 1114112K
  class space    used 6194K, committed 6656K, reserved 1048576K
}
Event: 7.894 GC heap before
{Heap before GC invocations=33 (full 3):
 PSYoungGen      total 19968K, used 288K [0x00000000eab00000, 0x00000000ec080000, 0x0000000100000000)
  eden space 19456K, 0% used [0x00000000eab00000,0x00000000eab00000,0x00000000ebe00000)
  from space 512K, 56% used [0x00000000ec000000,0x00000000ec048000,0x00000000ec080000)
  to   space 1024K, 0% used [0x00000000ebe80000,0x00000000ebe80000,0x00000000ebf80000)
 ParOldGen       total 68608K, used 38195K [0x00000000c0000000, 0x00000000c4300000, 0x00000000eab00000)
  object space 68608K, 55% used [0x00000000c0000000,0x00000000c254cf98,0x00000000c4300000)
 Metaspace       used 58717K, committed 59776K, reserved 1114112K
  class space    used 6194K, committed 6656K, reserved 1048576K
}
Event: 7.959 GC heap after
{Heap after GC invocations=33 (full 3):
 PSYoungGen      total 19968K, used 0K [0x00000000eab00000, 0x00000000ec080000, 0x0000000100000000)
  eden space 19456K, 0% used [0x00000000eab00000,0x00000000eab00000,0x00000000ebe00000)
  from space 512K, 0% used [0x00000000ec000000,0x00000000ec000000,0x00000000ec080000)
  to   space 1024K, 0% used [0x00000000ebe80000,0x00000000ebe80000,0x00000000ebf80000)
 ParOldGen       total 68608K, used 33291K [0x00000000c0000000, 0x00000000c4300000, 0x00000000eab00000)
  object space 68608K, 48% used [0x00000000c0000000,0x00000000c2082de0,0x00000000c4300000)
 Metaspace       used 58717K, committed 59776K, reserved 1114112K
  class space    used 6194K, committed 6656K, reserved 1048576K
}
Event: 8.425 GC heap before
{Heap before GC invocations=34 (full 3):
 PSYoungGen      total 19968K, used 19456K [0x00000000eab00000, 0x00000000ec080000, 0x0000000100000000)
  eden space 19456K, 100% used [0x00000000eab00000,0x00000000ebe00000,0x00000000ebe00000)
  from space 512K, 0% used [0x00000000ec000000,0x00000000ec000000,0x00000000ec080000)
  to   space 1024K, 0% used [0x00000000ebe80000,0x00000000ebe80000,0x00000000ebf80000)
 ParOldGen       total 68608K, used 33291K [0x00000000c0000000, 0x00000000c4300000, 0x00000000eab00000)
  object space 68608K, 48% used [0x00000000c0000000,0x00000000c2082de0,0x00000000c4300000)
 Metaspace       used 59866K, committed 60992K, reserved 1114112K
  class space    used 6288K, committed 6784K, reserved 1048576K
}
Event: 8.428 GC heap after
{Heap after GC invocations=34 (full 3):
 PSYoungGen      total 20480K, used 992K [0x00000000eab00000, 0x00000000ec500000, 0x0000000100000000)
  eden space 19456K, 0% used [0x00000000eab00000,0x00000000eab00000,0x00000000ebe00000)
  from space 1024K, 96% used [0x00000000ebe80000,0x00000000ebf78020,0x00000000ebf80000)
  to   space 3584K, 0% used [0x00000000ec180000,0x00000000ec180000,0x00000000ec500000)
 ParOldGen       total 68608K, used 35294K [0x00000000c0000000, 0x00000000c4300000, 0x00000000eab00000)
  object space 68608K, 51% used [0x00000000c0000000,0x00000000c2277890,0x00000000c4300000)
 Metaspace       used 59866K, committed 60992K, reserved 1114112K
  class space    used 6288K, committed 6784K, reserved 1048576K
}
Event: 8.535 GC heap before
{Heap before GC invocations=35 (full 3):
 PSYoungGen      total 20480K, used 20448K [0x00000000eab00000, 0x00000000ec500000, 0x0000000100000000)
  eden space 19456K, 100% used [0x00000000eab00000,0x00000000ebe00000,0x00000000ebe00000)
  from space 1024K, 96% used [0x00000000ebe80000,0x00000000ebf78020,0x00000000ebf80000)
  to   space 3584K, 0% used [0x00000000ec180000,0x00000000ec180000,0x00000000ec500000)
 ParOldGen       total 68608K, used 35294K [0x00000000c0000000, 0x00000000c4300000, 0x00000000eab00000)
  object space 68608K, 51% used [0x00000000c0000000,0x00000000c2277890,0x00000000c4300000)
 Metaspace       used 60039K, committed 61120K, reserved 1114112K
  class space    used 6308K, committed 6784K, reserved 1048576K
}
Event: 8.538 GC heap after
{Heap after GC invocations=35 (full 3):
 PSYoungGen      total 21504K, used 1996K [0x00000000eab00000, 0x00000000ec380000, 0x0000000100000000)
  eden space 19456K, 0% used [0x00000000eab00000,0x00000000eab00000,0x00000000ebe00000)
  from space 2048K, 97% used [0x00000000ec180000,0x00000000ec373260,0x00000000ec380000)
  to   space 2560K, 0% used [0x00000000ebe80000,0x00000000ebe80000,0x00000000ec100000)
 ParOldGen       total 68608K, used 36325K [0x00000000c0000000, 0x00000000c4300000, 0x00000000eab00000)
  object space 68608K, 52% used [0x00000000c0000000,0x00000000c2379590,0x00000000c4300000)
 Metaspace       used 60039K, committed 61120K, reserved 1114112K
  class space    used 6308K, committed 6784K, reserved 1048576K
}
Event: 8.712 GC heap before
{Heap before GC invocations=36 (full 3):
 PSYoungGen      total 21504K, used 21446K [0x00000000eab00000, 0x00000000ec380000, 0x0000000100000000)
  eden space 19456K, 99% used [0x00000000eab00000,0x00000000ebdfe738,0x00000000ebe00000)
  from space 2048K, 97% used [0x00000000ec180000,0x00000000ec373260,0x00000000ec380000)
  to   space 2560K, 0% used [0x00000000ebe80000,0x00000000ebe80000,0x00000000ec100000)
 ParOldGen       total 68608K, used 36325K [0x00000000c0000000, 0x00000000c4300000, 0x00000000eab00000)
  object space 68608K, 52% used [0x00000000c0000000,0x00000000c2379590,0x00000000c4300000)
 Metaspace       used 61215K, committed 62336K, reserved 1114112K
  class space    used 6462K, committed 6976K, reserved 1048576K
}
Event: 8.715 GC heap after
{Heap after GC invocations=36 (full 3):
 PSYoungGen      total 22016K, used 2256K [0x00000000eab00000, 0x00000000ec300000, 0x0000000100000000)
  eden space 19456K, 0% used [0x00000000eab00000,0x00000000eab00000,0x00000000ebe00000)
  from space 2560K, 88% used [0x00000000ebe80000,0x00000000ec0b43f8,0x00000000ec100000)
  to   space 2048K, 0% used [0x00000000ec100000,0x00000000ec100000,0x00000000ec300000)
 ParOldGen       total 68608K, used 38182K [0x00000000c0000000, 0x00000000c4300000, 0x00000000eab00000)
  object space 68608K, 55% used [0x00000000c0000000,0x00000000c25499d8,0x00000000c4300000)
 Metaspace       used 61215K, committed 62336K, reserved 1114112K
  class space    used 6462K, committed 6976K, reserved 1048576K
}
Event: 9.211 GC heap before
{Heap before GC invocations=37 (full 3):
 PSYoungGen      total 22016K, used 21712K [0x00000000eab00000, 0x00000000ec300000, 0x0000000100000000)
  eden space 19456K, 100% used [0x00000000eab00000,0x00000000ebe00000,0x00000000ebe00000)
  from space 2560K, 88% used [0x00000000ebe80000,0x00000000ec0b43f8,0x00000000ec100000)
  to   space 2048K, 0% used [0x00000000ec100000,0x00000000ec100000,0x00000000ec300000)
 ParOldGen       total 68608K, used 38182K [0x00000000c0000000, 0x00000000c4300000, 0x00000000eab00000)
  object space 68608K, 55% used [0x00000000c0000000,0x00000000c25499d8,0x00000000c4300000)
 Metaspace       used 62131K, committed 63232K, reserved 1114112K
  class space    used 6549K, committed 7040K, reserved 1048576K
}
Event: 9.215 GC heap after
{Heap after GC invocations=37 (full 3):
 PSYoungGen      total 20480K, used 832K [0x00000000eab00000, 0x00000000ec200000, 0x0000000100000000)
  eden space 19456K, 0% used [0x00000000eab00000,0x00000000eab00000,0x00000000ebe00000)
  from space 1024K, 81% used [0x00000000ec100000,0x00000000ec1d0000,0x00000000ec200000)
  to   space 1536K, 0% used [0x00000000ebf00000,0x00000000ebf00000,0x00000000ec080000)
 ParOldGen       total 68608K, used 40267K [0x00000000c0000000, 0x00000000c4300000, 0x00000000eab00000)
  object space 68608K, 58% used [0x00000000c0000000,0x00000000c2752dc8,0x00000000c4300000)
 Metaspace       used 62131K, committed 63232K, reserved 1114112K
  class space    used 6549K, committed 7040K, reserved 1048576K
}

