# JRE version: OpenJDK Runtime Environment Temurin-17.0.11+9 (17.0.11+9) (build 17.0.11+9)
# Java VM: OpenJDK 64-Bit Server VM Temurin-17.0.11+9 (17.0.11+9, mixed mode, tiered, compressed oops, compressed class ptrs, parallel gc, windows-amd64)
GC Precious Log:
 CPUs: 12 total, 12 available
 Memory: 3767M
 Large Page Support: Disabled
 NUMA Support: Disabled
 Compressed Oops: Enabled (32-bit)
 Alignments: Space 512K, Generation 512K, Heap 2M
 Heap Min Capacity: 100M
 Heap Initial Capacity: 100M
 Heap Max Capacity: 1G
 Pre-touch: Disabled
 Parallel Workers: 10
Heap:
 PSYoungGen      total 11264K, used 9872K [0x00000000eab00000, 0x00000000eb900000, 0x0000000100000000)
  eden space 10752K, 87% used [0x00000000eab00000,0x00000000eb4240c8,0x00000000eb580000)
  from space 512K, 100% used [0x00000000eb880000,0x00000000eb900000,0x00000000eb900000)
  to   space 1024K, 0% used [0x00000000eb700000,0x00000000eb700000,0x00000000eb800000)
 ParOldGen       total 76800K, used 50006K [0x00000000c0000000, 0x00000000c4b00000, 0x00000000eab00000)
  object space 76800K, 65% used [0x00000000c0000000,0x00000000c30d58e0,0x00000000c4b00000)
 Metaspace       used 70375K, committed 71488K, reserved 1114112K
  class space    used 7224K, committed 7680K, reserved 1048576K
GC Heap History (20 events):
Event: 11.915 GC heap before
{Heap before GC invocations=50 (full 3):
 PSYoungGen      total 17408K, used 17161K [0x00000000eab00000, 0x00000000ebf80000, 0x0000000100000000)
  eden space 13824K, 100% used [0x00000000eab00000,0x00000000eb880000,0x00000000eb880000)
  from space 3584K, 93% used [0x00000000ebc00000,0x00000000ebf42418,0x00000000ebf80000)
  to   space 3584K, 0% used [0x00000000eb880000,0x00000000eb880000,0x00000000ebc00000)
 ParOldGen       total 68608K, used 52965K [0x00000000c0000000, 0x00000000c4300000, 0x00000000eab00000)
  object space 68608K, 77% used [0x00000000c0000000,0x00000000c33b9770,0x00000000c4300000)
 Metaspace       used 69367K, committed 70464K, reserved 1114112K
  class space    used 7202K, committed 7680K, reserved 1048576K
}
Event: 11.922 GC heap after
{Heap after GC invocations=50 (full 3):
 PSYoungGen      total 17408K, used 3577K [0x00000000eab00000, 0x00000000ec080000, 0x0000000100000000)
  eden space 13824K, 0% used [0x00000000eab00000,0x00000000eab00000,0x00000000eb880000)
  from space 3584K, 99% used [0x00000000eb880000,0x00000000ebbfe528,0x00000000ebc00000)
  to   space 4096K, 0% used [0x00000000ebc80000,0x00000000ebc80000,0x00000000ec080000)
 ParOldGen       total 68608K, used 56195K [0x00000000c0000000, 0x00000000c4300000, 0x00000000eab00000)
  object space 68608K, 81% used [0x00000000c0000000,0x00000000c36e0fd0,0x00000000c4300000)
 Metaspace       used 69367K, committed 70464K, reserved 1114112K
  class space    used 7202K, committed 7680K, reserved 1048576K
}
Event: 12.133 GC heap before
{Heap before GC invocations=51 (full 3):
 PSYoungGen      total 17408K, used 17193K [0x00000000eab00000, 0x00000000ec080000, 0x0000000100000000)
  eden space 13824K, 98% used [0x00000000eab00000,0x00000000eb84c1b0,0x00000000eb880000)
  from space 3584K, 99% used [0x00000000eb880000,0x00000000ebbfe528,0x00000000ebc00000)
  to   space 4096K, 0% used [0x00000000ebc80000,0x00000000ebc80000,0x00000000ec080000)
 ParOldGen       total 68608K, used 56195K [0x00000000c0000000, 0x00000000c4300000, 0x00000000eab00000)
  object space 68608K, 81% used [0x00000000c0000000,0x00000000c36e0fd0,0x00000000c4300000)
 Metaspace       used 69836K, committed 70976K, reserved 1114112K
  class space    used 7220K, committed 7680K, reserved 1048576K
}
Event: 12.138 GC heap after
{Heap after GC invocations=51 (full 3):
 PSYoungGen      total 16896K, used 3060K [0x00000000eab00000, 0x00000000ebf80000, 0x0000000100000000)
  eden space 13824K, 0% used [0x00000000eab00000,0x00000000eab00000,0x00000000eb880000)
  from space 3072K, 99% used [0x00000000ebc80000,0x00000000ebf7d388,0x00000000ebf80000)
  to   space 3584K, 0% used [0x00000000eb880000,0x00000000eb880000,0x00000000ebc00000)
 ParOldGen       total 68608K, used 59610K [0x00000000c0000000, 0x00000000c4300000, 0x00000000eab00000)
  object space 68608K, 86% used [0x00000000c0000000,0x00000000c3a36860,0x00000000c4300000)
 Metaspace       used 69836K, committed 70976K, reserved 1114112K
  class space    used 7220K, committed 7680K, reserved 1048576K
}
Event: 12.288 GC heap before
{Heap before GC invocations=52 (full 3):
 PSYoungGen      total 16896K, used 16884K [0x00000000eab00000, 0x00000000ebf80000, 0x0000000100000000)
  eden space 13824K, 100% used [0x00000000eab00000,0x00000000eb880000,0x00000000eb880000)
  from space 3072K, 99% used [0x00000000ebc80000,0x00000000ebf7d388,0x00000000ebf80000)
  to   space 3584K, 0% used [0x00000000eb880000,0x00000000eb880000,0x00000000ebc00000)
 ParOldGen       total 68608K, used 59610K [0x00000000c0000000, 0x00000000c4300000, 0x00000000eab00000)
  object space 68608K, 86% used [0x00000000c0000000,0x00000000c3a36860,0x00000000c4300000)
 Metaspace       used 69910K, committed 71104K, reserved 1114112K
  class space    used 7224K, committed 7680K, reserved 1048576K
}
Event: 12.293 GC heap after
{Heap after GC invocations=52 (full 3):
 PSYoungGen      total 14848K, used 608K [0x00000000eab00000, 0x00000000ebd00000, 0x0000000100000000)
  eden space 13824K, 0% used [0x00000000eab00000,0x00000000eab00000,0x00000000eb880000)
  from space 1024K, 59% used [0x00000000eb880000,0x00000000eb918000,0x00000000eb980000)
  to   space 2048K, 0% used [0x00000000ebb00000,0x00000000ebb00000,0x00000000ebd00000)
 ParOldGen       total 68608K, used 62298K [0x00000000c0000000, 0x00000000c4300000, 0x00000000eab00000)
  object space 68608K, 90% used [0x00000000c0000000,0x00000000c3cd69c0,0x00000000c4300000)
 Metaspace       used 69910K, committed 71104K, reserved 1114112K
  class space    used 7224K, committed 7680K, reserved 1048576K
}
Event: 12.478 GC heap before
{Heap before GC invocations=53 (full 3):
 PSYoungGen      total 14848K, used 14432K [0x00000000eab00000, 0x00000000ebd00000, 0x0000000100000000)
  eden space 13824K, 100% used [0x00000000eab00000,0x00000000eb880000,0x00000000eb880000)
  from space 1024K, 59% used [0x00000000eb880000,0x00000000eb918000,0x00000000eb980000)
  to   space 2048K, 0% used [0x00000000ebb00000,0x00000000ebb00000,0x00000000ebd00000)
 ParOldGen       total 68608K, used 62298K [0x00000000c0000000, 0x00000000c4300000, 0x00000000eab00000)
  object space 68608K, 90% used [0x00000000c0000000,0x00000000c3cd69c0,0x00000000c4300000)
 Metaspace       used 69979K, committed 71168K, reserved 1114112K
  class space    used 7224K, committed 7680K, reserved 1048576K
}
Event: 12.483 GC heap after
{Heap after GC invocations=53 (full 3):
 PSYoungGen      total 12800K, used 2022K [0x00000000eab00000, 0x00000000ec380000, 0x0000000100000000)
  eden space 10752K, 0% used [0x00000000eab00000,0x00000000eab00000,0x00000000eb580000)
  from space 2048K, 98% used [0x00000000ebb00000,0x00000000ebcf9ae0,0x00000000ebd00000)
  to   space 5632K, 0% used [0x00000000eb580000,0x00000000eb580000,0x00000000ebb00000)
 ParOldGen       total 68608K, used 64971K [0x00000000c0000000, 0x00000000c4300000, 0x00000000eab00000)
  object space 68608K, 94% used [0x00000000c0000000,0x00000000c3f72e10,0x00000000c4300000)
 Metaspace       used 69979K, committed 71168K, reserved 1114112K
  class space    used 7224K, committed 7680K, reserved 1048576K
}
Event: 12.653 GC heap before
{Heap before GC invocations=54 (full 3):
 PSYoungGen      total 12800K, used 12774K [0x00000000eab00000, 0x00000000ec380000, 0x0000000100000000)
  eden space 10752K, 100% used [0x00000000eab00000,0x00000000eb580000,0x00000000eb580000)
  from space 2048K, 98% used [0x00000000ebb00000,0x00000000ebcf9ae0,0x00000000ebd00000)
  to   space 5632K, 0% used [0x00000000eb580000,0x00000000eb580000,0x00000000ebb00000)
 ParOldGen       total 68608K, used 64971K [0x00000000c0000000, 0x00000000c4300000, 0x00000000eab00000)
  object space 68608K, 94% used [0x00000000c0000000,0x00000000c3f72e10,0x00000000c4300000)
 Metaspace       used 70080K, committed 71232K, reserved 1114112K
  class space    used 7224K, committed 7680K, reserved 1048576K
}
Event: 12.656 GC heap after
{Heap after GC invocations=54 (full 3):
 PSYoungGen      total 11776K, used 672K [0x00000000eab00000, 0x00000000ebb80000, 0x0000000100000000)
  eden space 10752K, 0% used [0x00000000eab00000,0x00000000eab00000,0x00000000eb580000)
  from space 1024K, 65% used [0x00000000eb580000,0x00000000eb628000,0x00000000eb680000)
  to   space 2560K, 0% used [0x00000000eb900000,0x00000000eb900000,0x00000000ebb80000)
 ParOldGen       total 68608K, used 66858K [0x00000000c0000000, 0x00000000c4300000, 0x00000000eab00000)
  object space 68608K, 97% used [0x00000000c0000000,0x00000000c414a900,0x00000000c4300000)
 Metaspace       used 70080K, committed 71232K, reserved 1114112K
  class space    used 7224K, committed 7680K, reserved 1048576K
}
Event: 12.656 GC heap before
{Heap before GC invocations=55 (full 4):
 PSYoungGen      total 11776K, used 672K [0x00000000eab00000, 0x00000000ebb80000, 0x0000000100000000)
  eden space 10752K, 0% used [0x00000000eab00000,0x00000000eab00000,0x00000000eb580000)
  from space 1024K, 65% used [0x00000000eb580000,0x00000000eb628000,0x00000000eb680000)
  to   space 2560K, 0% used [0x00000000eb900000,0x00000000eb900000,0x00000000ebb80000)
 ParOldGen       total 68608K, used 66858K [0x00000000c0000000, 0x00000000c4300000, 0x00000000eab00000)
  object space 68608K, 97% used [0x00000000c0000000,0x00000000c414a900,0x00000000c4300000)
 Metaspace       used 70080K, committed 71232K, reserved 1114112K
  class space    used 7224K, committed 7680K, reserved 1048576K
}
Event: 12.733 GC heap after
{Heap after GC invocations=55 (full 4):
 PSYoungGen      total 12288K, used 0K [0x00000000eab00000, 0x00000000eba80000, 0x0000000100000000)
  eden space 10752K, 0% used [0x00000000eab00000,0x00000000eab00000,0x00000000eb580000)
  from space 1536K, 0% used [0x00000000eb900000,0x00000000eb900000,0x00000000eba80000)
  to   space 2560K, 0% used [0x00000000eb580000,0x00000000eb580000,0x00000000eb800000)
 ParOldGen       total 76800K, used 49224K [0x00000000c0000000, 0x00000000c4b00000, 0x00000000eab00000)
  object space 76800K, 64% used [0x00000000c0000000,0x00000000c3012390,0x00000000c4b00000)
 Metaspace       used 70080K, committed 71232K, reserved 1114112K
  class space    used 7224K, committed 7680K, reserved 1048576K
}
Event: 12.917 GC heap before
{Heap before GC invocations=56 (full 4):
 PSYoungGen      total 12288K, used 10752K [0x00000000eab00000, 0x00000000eba80000, 0x0000000100000000)
  eden space 10752K, 100% used [0x00000000eab00000,0x00000000eb580000,0x00000000eb580000)
  from space 1536K, 0% used [0x00000000eb900000,0x00000000eb900000,0x00000000eba80000)
  to   space 2560K, 0% used [0x00000000eb580000,0x00000000eb580000,0x00000000eb800000)
 ParOldGen       total 76800K, used 49224K [0x00000000c0000000, 0x00000000c4b00000, 0x00000000eab00000)
  object space 76800K, 64% used [0x00000000c0000000,0x00000000c3012390,0x00000000c4b00000)
 Metaspace       used 70126K, committed 71296K, reserved 1114112K
  class space    used 7224K, committed 7680K, reserved 1048576K
}
Event: 12.919 GC heap after
{Heap after GC invocations=56 (full 4):
 PSYoungGen      total 13312K, used 640K [0x00000000eab00000, 0x00000000eb980000, 0x0000000100000000)
  eden space 10752K, 0% used [0x00000000eab00000,0x00000000eab00000,0x00000000eb580000)
  from space 2560K, 25% used [0x00000000eb580000,0x00000000eb620000,0x00000000eb800000)
  to   space 1024K, 0% used [0x00000000eb880000,0x00000000eb880000,0x00000000eb980000)
 ParOldGen       total 76800K, used 49232K [0x00000000c0000000, 0x00000000c4b00000, 0x00000000eab00000)
  object space 76800K, 64% used [0x00000000c0000000,0x00000000c3014390,0x00000000c4b00000)
 Metaspace       used 70126K, committed 71296K, reserved 1114112K
  class space    used 7224K, committed 7680K, reserved 1048576K
}
Event: 13.179 GC heap before
{Heap before GC invocations=57 (full 4):
 PSYoungGen      total 13312K, used 11392K [0x00000000eab00000, 0x00000000eb980000, 0x0000000100000000)
  eden space 10752K, 100% used [0x00000000eab00000,0x00000000eb580000,0x00000000eb580000)
  from space 2560K, 25% used [0x00000000eb580000,0x00000000eb620000,0x00000000eb800000)
  to   space 1024K, 0% used [0x00000000eb880000,0x00000000eb880000,0x00000000eb980000)
 ParOldGen       total 76800K, used 49232K [0x00000000c0000000, 0x00000000c4b00000, 0x00000000eab00000)
  object space 76800K, 64% used [0x00000000c0000000,0x00000000c3014390,0x00000000c4b00000)
 Metaspace       used 70186K, committed 71424K, reserved 1114112K
  class space    used 7224K, committed 7680K, reserved 1048576K
}
Event: 13.180 GC heap after
{Heap after GC invocations=57 (full 4):
 PSYoungGen      total 11776K, used 816K [0x00000000eab00000, 0x00000000eb980000, 0x0000000100000000)
  eden space 10752K, 0% used [0x00000000eab00000,0x00000000eab00000,0x00000000eb580000)
  from space 1024K, 79% used [0x00000000eb880000,0x00000000eb94c010,0x00000000eb980000)
  to   space 1024K, 0% used [0x00000000eb780000,0x00000000eb780000,0x00000000eb880000)
 ParOldGen       total 76800K, used 49545K [0x00000000c0000000, 0x00000000c4b00000, 0x00000000eab00000)
  object space 76800K, 64% used [0x00000000c0000000,0x00000000c30625a8,0x00000000c4b00000)
 Metaspace       used 70186K, committed 71424K, reserved 1114112K
  class space    used 7224K, committed 7680K, reserved 1048576K
}
Event: 13.397 GC heap before
{Heap before GC invocations=58 (full 4):
 PSYoungGen      total 11776K, used 11568K [0x00000000eab00000, 0x00000000eb980000, 0x0000000100000000)
  eden space 10752K, 100% used [0x00000000eab00000,0x00000000eb580000,0x00000000eb580000)
  from space 1024K, 79% used [0x00000000eb880000,0x00000000eb94c010,0x00000000eb980000)
  to   space 1024K, 0% used [0x00000000eb780000,0x00000000eb780000,0x00000000eb880000)
 ParOldGen       total 76800K, used 49545K [0x00000000c0000000, 0x00000000c4b00000, 0x00000000eab00000)
  object space 76800K, 64% used [0x00000000c0000000,0x00000000c30625a8,0x00000000c4b00000)
 Metaspace       used 70252K, committed 71424K, reserved 1114112K
  class space    used 7224K, committed 7680K, reserved 1048576K
}
Event: 13.399 GC heap after
{Heap after GC invocations=58 (full 4):
 PSYoungGen      total 11776K, used 992K [0x00000000eab00000, 0x00000000eb900000, 0x0000000100000000)
  eden space 10752K, 0% used [0x00000000eab00000,0x00000000eab00000,0x00000000eb580000)
  from space 1024K, 96% used [0x00000000eb780000,0x00000000eb878000,0x00000000eb880000)
  to   space 512K, 0% used [0x00000000eb880000,0x00000000eb880000,0x00000000eb900000)
 ParOldGen       total 76800K, used 49901K [0x00000000c0000000, 0x00000000c4b00000, 0x00000000eab00000)
  object space 76800K, 64% used [0x00000000c0000000,0x00000000c30bb6c8,0x00000000c4b00000)
 Metaspace       used 70252K, committed 71424K, reserved 1114112K
  class space    used 7224K, committed 7680K, reserved 1048576K
}
Event: 13.596 GC heap before
{Heap before GC invocations=59 (full 4):
 PSYoungGen      total 11776K, used 11744K [0x00000000eab00000, 0x00000000eb900000, 0x0000000100000000)
  eden space 10752K, 100% used [0x00000000eab00000,0x00000000eb580000,0x00000000eb580000)
  from space 1024K, 96% used [0x00000000eb780000,0x00000000eb878000,0x00000000eb880000)
  to   space 512K, 0% used [0x00000000eb880000,0x00000000eb880000,0x00000000eb900000)
 ParOldGen       total 76800K, used 49901K [0x00000000c0000000, 0x00000000c4b00000, 0x00000000eab00000)
  object space 76800K, 64% used [0x00000000c0000000,0x00000000c30bb6c8,0x00000000c4b00000)
 Metaspace       used 70307K, committed 71488K, reserved 1114112K
  class space    used 7224K, committed 7680K, reserved 1048576K
}
Event: 13.598 GC heap after
{Heap after GC invocations=59 (full 4):
 PSYoungGen      total 11264K, used 512K [0x00000000eab00000, 0x00000000eb900000, 0x0000000100000000)
  eden space 10752K, 0% used [0x00000000eab00000,0x00000000eab00000,0x00000000eb580000)
  from space 512K, 100% used [0x00000000eb880000,0x00000000eb900000,0x00000000eb900000)
  to   space 1024K, 0% used [0x00000000eb700000,0x00000000eb700000,0x00000000eb800000)
 ParOldGen       total 76800K, used 50006K [0x00000000c0000000, 0x00000000c4b00000, 0x00000000eab00000)
  object space 76800K, 65% used [0x00000000c0000000,0x00000000c30d58e0,0x00000000c4b00000)
 Metaspace       used 70307K, committed 71488K, reserved 1114112K
  class space    used 7224K, committed 7680K, reserved 1048576K
}

